#
# There is insufficient memory for the Java Runtime Environment to continue.
# Native memory allocation (mmap) failed to map 67108864 bytes for Failed to commit area from 0x00000000fc000000 to 0x0000000100000000 of length 67108864.
# Possible reasons:
#   The system is out of physical RAM or swap space
#   The process is running with CompressedOops enabled, and the Java Heap may be blocking the growth of the native heap
# Possible solutions:
#   Reduce memory load on the system
#   Increase physical memory or swap space
#   Check if swap backing store is full
#   Decrease Java heap size (-Xmx/-Xms)
#   Decrease number of Java threads
#   Decrease Java thread stack sizes (-Xss)
#   Set larger code cache with -XX:ReservedCodeCacheSize=
# This output file may be truncated or incomplete.
#
#  Out of Memory Error (t:/workspace/open/src/hotspot/os/windows/os_windows.cpp:3264), pid=11236, tid=18080
#
# JRE version:  (12.0.2+10) (build )
# Java VM: Java HotSpot(TM) 64-Bit Server VM (12.0.2+10, mixed mode, aot, sharing, tiered, compressed oops, g1 gc, windows-amd64)
# No core dump will be written. Minidumps are not enabled by default on client versions of Windows
#

---------------  S U M M A R Y ------------

Command Line: -Xmx64m -Xms64m -Dorg.gradle.appname=gradlew org.gradle.wrapper.GradleWrapperMain clean

Host: Intel(R) Core(TM) i3-3110M CPU @ 2.40GHz, 4 cores, 9G,  Windows 10 , 64 bit Build 17134 (10.0.17134.1)
Time: Sun Aug 25 10:25:03 2019 Iran Daylight Time elapsed time: 0 seconds (0d 0h 0m 0s)

---------------  T H R E A D  ---------------

Current thread (0x000001f2d668d000):  JavaThread "Unknown thread" [_thread_in_vm, id=18080, stack(0x0000002179400000,0x0000002179500000)]

Stack: [0x0000002179400000,0x0000002179500000]
Native frames: (J=compiled Java code, j=interpreted, Vv=VM code, C=native code)
V  [jvm.dll+0x63aa2a]
V  [jvm.dll+0x78ce1e]
V  [jvm.dll+0x78e4c1]
V  [jvm.dll+0x78eb13]
V  [jvm.dll+0x2627e8]
V  [jvm.dll+0x637f5a]
V  [jvm.dll+0x62c845]
V  [jvm.dll+0x31e49c]
V  [jvm.dll+0x31e2cf]
V  [jvm.dll+0x324006]
V  [jvm.dll+0x371f56]
V  [jvm.dll+0x371720]
V  [jvm.dll+0x2f845a]
V  [jvm.dll+0x2f96d2]
V  [jvm.dll+0x767267]
V  [jvm.dll+0x7689f5]
V  [jvm.dll+0x380059]
V  [jvm.dll+0x74b794]
V  [jvm.dll+0x3ef5cd]
V  [jvm.dll+0x3f1471]
C  [jli.dll+0x51cf]
C  [ucrtbase.dll+0x1c1ae]
C  [KERNEL32.DLL+0x13034]
C  [ntdll.dll+0x71431]


---------------  P R O C E S S  ---------------

Threads class SMR info:
_java_thread_list=0x00007ffef1037928, length=0, elements={
}

Java Threads: ( => current thread )

Other Threads:
  0x000001f2d66a6000 GCTaskThread "GC Thread#0" [stack: 0x0000002179500000,0x0000002179600000] [id=1908]
  0x000001f2d66ab800 ConcurrentGCThread "G1 Main Marker" [stack: 0x0000002179600000,0x0000002179700000] [id=3312]
  0x000001f2d66ae000 ConcurrentGCThread "G1 Conc#0" [stack: 0x0000002179700000,0x0000002179800000] [id=19272]

[error occurred during error reporting (printing all threads), id 0xc0000005, EXCEPTION_ACCESS_VIOLATION (0xc0000005) at pc=0x00007ffef08685e7]

VM state:not at safepoint (not fully initialized)

VM Mutex/Monitor currently owned by a thread:  ([mutex/lock_event])
[0x000001f2d6688020] Heap_lock - owner thread: 0x000001f2d668d000

Heap address: 0x00000000fc000000, size: 64 MB, Compressed Oops mode: Non-zero based: 0x00000000fc000000
Narrow klass base: 0x0000000000000000, Narrow klass shift: 0

GC Heap History (0 events):
No events

Deoptimization events (0 events):
No events

Classes redefined (0 events):
No events

Internal exceptions (0 events):
No events

Events (0 events):
No events


Dynamic libraries:
0x00007ff6cb6c0000 - 0x00007ff6cb6cf000 	C:\Program Files\Java\jdk-12.0.2\bin\java.exe
0x00007fff27ab0000 - 0x00007fff27c91000 	C:\Windows\SYSTEM32\ntdll.dll
0x00007fff279b0000 - 0x00007fff27a62000 	C:\Windows\System32\KERNEL32.DLL
0x00007fff24a70000 - 0x00007fff24ce3000 	C:\Windows\System32\KERNELBASE.dll
0x00007fff24970000 - 0x00007fff24a6a000 	C:\Windows\System32\ucrtbase.dll
0x00007fff1c490000 - 0x00007fff1c4a8000 	C:\Program Files\Java\jdk-12.0.2\bin\jli.dll
0x00007fff1ca10000 - 0x00007fff1ca26000 	C:\Program Files\Java\jdk-12.0.2\bin\VCRUNTIME140.dll
0x00007fff27180000 - 0x00007fff27221000 	C:\Windows\System32\ADVAPI32.dll
0x00007fff27740000 - 0x00007fff277de000 	C:\Windows\System32\msvcrt.dll
0x00007fff26cd0000 - 0x00007fff26d2b000 	C:\Windows\System32\sechost.dll
0x00007fff272a0000 - 0x00007fff273c4000 	C:\Windows\System32\RPCRT4.dll
0x00007fff26940000 - 0x00007fff26ad0000 	C:\Windows\System32\USER32.dll
0x00007fff24710000 - 0x00007fff24730000 	C:\Windows\System32\win32u.dll
0x00007fff1ca40000 - 0x00007fff1cca9000 	C:\Windows\WinSxS\amd64_microsoft.windows.common-controls_6595b64144ccf1df_6.0.17134.112_none_fb3f961b30681c12\COMCTL32.dll
0x00007fff27570000 - 0x00007fff27598000 	C:\Windows\System32\GDI32.dll
0x00007fff24cf0000 - 0x00007fff24e82000 	C:\Windows\System32\gdi32full.dll
0x00007fff24ff0000 - 0x00007fff25313000 	C:\Windows\System32\combase.dll
0x00007fff24670000 - 0x00007fff2470f000 	C:\Windows\System32\msvcp_win.dll
0x00007fff24590000 - 0x00007fff2460a000 	C:\Windows\System32\bcryptPrimitives.dll
0x00007fff1ccb0000 - 0x00007fff1ccba000 	C:\Windows\SYSTEM32\VERSION.dll
0x00007fff26c90000 - 0x00007fff26cbd000 	C:\Windows\System32\IMM32.DLL
0x00007fff23bf0000 - 0x00007fff23c1f000 	C:\Windows\system32\nvinitx.dll
0x000000000f000000 - 0x000000000f006000 	C:\Program Files\NVIDIA Corporation\CoProcManager\_etoured.dll
0x00007fff1cda0000 - 0x00007fff1cdd3000 	C:\Program Files\NVIDIA Corporation\CoProcManager\nvd3d9wrapx.dll
0x00007fff26d30000 - 0x00007fff2717b000 	C:\Windows\System32\SETUPAPI.dll
0x00007fff24920000 - 0x00007fff24969000 	C:\Windows\System32\cfgmgr32.dll
0x00007fff1cd70000 - 0x00007fff1cd93000 	C:\Program Files\NVIDIA Corporation\CoProcManager\nvdxgiwrapx.dll
0x00007fff138d0000 - 0x00007fff1397a000 	C:\Program Files\Java\jdk-12.0.2\bin\msvcp140.dll
0x00007ffef0560000 - 0x00007ffef10d7000 	C:\Program Files\Java\jdk-12.0.2\bin\server\jvm.dll
0x00007fff26cc0000 - 0x00007fff26cc8000 	C:\Windows\System32\PSAPI.DLL
0x00007fff1d180000 - 0x00007fff1d1a3000 	C:\Windows\SYSTEM32\WINMM.dll
0x00007fff15250000 - 0x00007fff15259000 	C:\Windows\SYSTEM32\WSOCK32.dll
0x00007fff27230000 - 0x00007fff2729c000 	C:\Windows\System32\WS2_32.dll
0x00007fff1d150000 - 0x00007fff1d17a000 	C:\Windows\SYSTEM32\WINMMBASE.dll
0x00007fff23e60000 - 0x00007fff23e71000 	C:\Windows\System32\kernel.appcore.dll
0x00007fff1c430000 - 0x00007fff1c441000 	C:\Program Files\Java\jdk-12.0.2\bin\verify.dll
0x00007fff0c2d0000 - 0x00007fff0c499000 	C:\Windows\SYSTEM32\DBGHELP.DLL
0x00007fff0c2a0000 - 0x00007fff0c2c9000 	C:\Windows\SYSTEM32\dbgcore.DLL
0x00007fff13820000 - 0x00007fff13846000 	C:\Program Files\Java\jdk-12.0.2\bin\java.dll
0x00007fff14a70000 - 0x00007fff14a87000 	C:\Program Files\Java\jdk-12.0.2\bin\zip.dll
0x00007fff1ca00000 - 0x00007fff1ca0a000 	C:\Program Files\Java\jdk-12.0.2\bin\jimage.dll

dbghelp: loaded successfully - version: 4.0.5 - missing functions: none
symbol engine: initialized successfully - sym options: 0x614 - pdb path: .;C:\Program Files\Java\jdk-12.0.2\bin;C:\Windows\SYSTEM32;C:\Windows\WinSxS\amd64_microsoft.windows.common-controls_6595b64144ccf1df_6.0.17134.112_none_fb3f961b30681c12;C:\Program Files\NVIDIA Corporation\CoProcManager;C:\Program Files\Java\jdk-12.0.2\bin\server

VM Arguments:
jvm_args: -Xmx64m -Xms64m -Dorg.gradle.appname=gradlew 
java_command: org.gradle.wrapper.GradleWrapperMain clean
java_class_path (initial): E:\dev\workspace\reactNative\RaadcoApp\android\\gradle\wrapper\gradle-wrapper.jar
Launcher Type: SUN_STANDARD

[Global flags]
     intx CICompilerCount                          = 3                                         {product} {ergonomic}
     uint ConcGCThreads                            = 1                                         {product} {ergonomic}
     uint G1ConcRefinementThreads                  = 4                                         {product} {ergonomic}
   size_t G1HeapRegionSize                         = 1048576                                   {product} {ergonomic}
    uintx GCDrainStackTargetSize                   = 64                                        {product} {ergonomic}
   size_t InitialHeapSize                          = 67108864                                  {product} {command line}
   size_t MarkStackSize                            = 4194304                                   {product} {ergonomic}
   size_t MaxHeapSize                              = 67108864                                  {product} {command line}
   size_t MinHeapDeltaBytes                        = 1048576                                   {product} {ergonomic}
    uintx NonNMethodCodeHeapSize                   = 5830732                                {pd product} {ergonomic}
    uintx NonProfiledCodeHeapSize                  = 122913754                              {pd product} {ergonomic}
    uintx ProfiledCodeHeapSize                     = 122913754                              {pd product} {ergonomic}
    uintx ReservedCodeCacheSize                    = 251658240                              {pd product} {ergonomic}
     bool SegmentedCodeCache                       = true                                      {product} {ergonomic}
     bool UseCompressedClassPointers               = true                                 {lp64_product} {ergonomic}
     bool UseCompressedOops                        = true                                 {lp64_product} {ergonomic}
     bool UseG1GC                                  = true                                      {product} {ergonomic}
     bool UseLargePagesIndividualAllocation        = false                                  {pd product} {ergonomic}

Logging:
Log output configuration:
 #0: stdout all=warning uptime,level,tags
 #1: stderr all=off uptime,level,tags

Environment Variables:
JAVA_HOME=C:\Program Files\Java\jdk-12.0.2
CLASSPATH=E:\dev\workspace\reactNative\RaadcoApp\android\\gradle\wrapper\gradle-wrapper.jar
PATH=C:\Program Files (x86)\NVIDIA Corporation\PhysX\Common;C:\Program Files (x86)\Intel\iCLS Client\;C:\Program Files\Intel\iCLS Client\;C:\Windows\system32;C:\Windows;C:\Windows\System32\Wbem;C:\Windows\System32\WindowsPowerShell\v1.0\;C:\Windows\System32\OpenSSH\;C:\Program Files\Intel\Intel(R) Management Engine Components\DAL;C:\Program Files\Intel\Intel(R) Management Engine Components\IPT;C:\Program Files (x86)\Intel\Intel(R) Management Engine Components\DAL;C:\Program Files (x86)\Intel\Intel(R) Management Engine Components\IPT;C:\Program Files\Git\cmd;C:\Program Files (x86)\Common Files\lenovo\easyplussdk\bin;C:\Program Files (x86)\Windows Kits\10\Windows Performance Toolkit\;C:\Program Files\Microsoft SQL Server\130\Tools\Binn\;C:\Program Files\dotnet\;C:\Program Files (x86)\Xoreax\IncrediBuild;C:\Program Files\Microsoft SQL Server\120\DTS\Binn\;C:\Program Files\Microsoft SQL Server\Client SDK\ODBC\110\Tools\Binn\;C:\Program Files (x86)\Microsoft SQL Server\120\Tools\Binn\;C:\Program Files\Microsoft SQL Server\120\Tools\Binn\;C:\Program Files (x86)\Microsoft SQL Server\120\Tools\Binn\ManagementStudio\;C:\Program Files (x86)\Microsoft SQL Server\120\DTS\Binn\;C:\Program Files (x86)\OpenVPN\bin;node_modules\npm;C:\Python27;C:\Program Files (x86)\Yarn\bin;C:\Program Files\Android\Android Studio3.4.0\jre\jre\bin;C:\Program Files\Java\jdk-12.0.2\bin;C:\Users\zabih\AppData\Roaming\nvm;C:\Program Files\nodejs;E:\dev\sdk\platform-tools;C:\Users\zabih\AppData\Local\Microsoft\WindowsApps;C:\Users\zabih\AppData\Local\Programs\Microsoft VS Code\bin;C:\Users\zabih\AppData\Roaming\nvm;C:\Program Files\nodejs
USERNAME=zabih
OS=Windows_NT
PROCESSOR_IDENTIFIER=Intel64 Family 6 Model 58 Stepping 9, GenuineIntel



---------------  S Y S T E M  ---------------

OS: Windows 10 , 64 bit Build 17134 (10.0.17134.1)

CPU:total 4 (initial active 4) (2 cores per cpu, 2 threads per core) family 6 model 58 stepping 9, cmov, cx8, fxsr, mmx, sse, sse2, sse3, ssse3, sse4.1, sse4.2, popcnt, avx, clmul, erms, ht, tsc, tscinvbit, tscinv

Memory: 4k page, system-wide physical 10108M (502M free)
TotalPageFile size 20346M (AvailPageFile size 23M)
current process WorkingSet (physical memory assigned to process): 10M, peak: 10M
current process commit charge ("private bytes"): 52M, peak: 116M

vm_info: Java HotSpot(TM) 64-Bit Server VM (12.0.2+10) for windows-amd64 JRE (12.0.2+10), built on Jul 16 2019 01:56:17 by "mach5one" with MS VC++ 15.5 (VS2017)

END.
